TpTrace Information: 0 : 17952, 1, 2020/12/14, 22:52:53.640, 25741053442017, datacollector.dll, DataCollectorMain.Run: Starting data collector run with args: --port,61491,--parentprocessid,2816,--diag,D:\Ders\Web Programlama\User\LoginUser\LoginUser.UnitTest\bin\Debug\fine-code-coverage\_outputfolder\diagnostics.datacollector.20-12-14_22-52-53_48144_4.log,--tracelevel,4
TpTrace Information: 0 : 17952, 1, 2020/12/14, 22:52:53.645, 25741053469828, datacollector.dll, DataCollector: Monitoring parent process with id: '2816'
TpTrace Information: 0 : 17952, 1, 2020/12/14, 22:52:53.653, 25741053554604, datacollector.dll, Trying to connect to server on socket : 127.0.0.1:61491 
TpTrace Verbose: 0 : 17952, 1, 2020/12/14, 22:52:53.671, 25741053730556, datacollector.dll, SocketCommunicationManager : SetupClientAsync : Attempting to connect to the server.
TpTrace Information: 0 : 17952, 7, 2020/12/14, 22:52:53.686, 25741053878588, datacollector.dll, Connected to the server successfully 
TpTrace Information: 0 : 17952, 7, 2020/12/14, 22:52:53.686, 25741053879260, datacollector.dll, Using the buffer size of 16384 bytes
TpTrace Information: 0 : 17952, 1, 2020/12/14, 22:52:53.766, 25741054681671, datacollector.dll, DataCollector: Start Request Processing.
TpTrace Information: 0 : 17952, 1, 2020/12/14, 22:52:53.771, 25741054734957, datacollector.dll, DataCollectionRequestHandler.ProcessRequests : Datacollector received message: (DataCollection.BeforeTestRunStart) -> {
  "SettingsXml": "<RunSettings><RunConfiguration><ResultsDirectory>D:\\Ders\\Web Programlama\\User\\LoginUser\\LoginUser.UnitTest\\bin\\Debug\\fine-code-coverage\\_outputfolder</ResultsDirectory><TargetPlatform>X64</TargetPlatform><TargetFrameworkVersion>.NETCoreApp,Version=v3.1</TargetFrameworkVersion><DesignMode>False</DesignMode><CollectSourceInformation>False</CollectSourceInformation><TestAdaptersPaths>C:\\Program Files\\dotnet\\sdk\\3.1.403\\Extensions</TestAdaptersPaths></RunConfiguration><LoggerRunSettings><Loggers><Logger friendlyName=\"blame\" enabled=\"True\" /><Logger friendlyName=\"Console\" uri=\"logger://microsoft/TestPlatform/ConsoleLogger/v1\" assemblyQualifiedName=\"Microsoft.VisualStudio.TestPlatform.CommandLine.Internal.ConsoleLogger, vstest.console, Version=15.0.0.0, Culture=neutral, PublicKeyToken=b03f5f7f11d50a3a\" codeBase=\"C:\\Program Files\\dotnet\\sdk\\3.1.403\\vstest.console.dll\" enabled=\"True\" /></Loggers></LoggerRunSettings><DataCollectionRunSettings><DataCollectors><DataCollector friendlyName=\"blame\" enabled=\"True\"><Configuration><ResultsDirectory>D:\\Ders\\Web Programlama\\User\\LoginUser\\LoginUser.UnitTest\\bin\\Debug\\fine-code-coverage\\_outputfolder</ResultsDirectory></Configuration></DataCollector></DataCollectors></DataCollectionRunSettings></RunSettings>",
  "Sources": [
    "D:\\Ders\\Web Programlama\\User\\LoginUser\\LoginUser.UnitTest\\bin\\Debug\\fine-code-coverage\\LoginUser.UnitTest.dll"
  ]
}
TpTrace Verbose: 0 : 17952, 1, 2020/12/14, 22:52:53.830, 25741055327344, datacollector.dll, TestPluginCache: Update extensions started. Skip filter = False
TpTrace Verbose: 0 : 17952, 1, 2020/12/14, 22:52:53.831, 25741055336874, datacollector.dll, TestPluginCache: Using directories for assembly resolution 'C:\Program Files\dotnet\sdk\3.1.403\Extensions'.
TpTrace Verbose: 0 : 17952, 1, 2020/12/14, 22:52:53.832, 25741055337716, datacollector.dll, TestPluginCache: Updated the available extensions to 'C:\Program Files\dotnet\sdk\3.1.403\Extensions\Microsoft.TestPlatform.Extensions.BlameDataCollector.dll,C:\Program Files\dotnet\sdk\3.1.403\Extensions\Microsoft.TestPlatform.Extensions.EventLogCollector.dll'.
TpTrace Verbose: 0 : 17952, 1, 2020/12/14, 22:52:53.840, 25741055418410, datacollector.dll, TestPluginCache.DiscoverTestExtensions: finding test extensions in assemblies ends with: Collector.dll TPluginInfo: Microsoft.VisualStudio.TestPlatform.Common.DataCollector.DataCollectorConfig TExtension: Microsoft.VisualStudio.TestPlatform.ObjectModel.DataCollection.DataCollector
TpTrace Verbose: 0 : 17952, 1, 2020/12/14, 22:52:53.840, 25741055420487, datacollector.dll, TestPluginCache.GetExtensionPaths: Filtered extension paths: C:\Program Files\dotnet\sdk\3.1.403\Extensions\Microsoft.TestPlatform.Extensions.BlameDataCollector.dll
C:\Program Files\dotnet\sdk\3.1.403\Extensions\Microsoft.TestPlatform.Extensions.EventLogCollector.dll
TpTrace Verbose: 0 : 17952, 1, 2020/12/14, 22:52:53.840, 25741055421600, datacollector.dll, TestPluginCache.GetExtensionPaths: Added default extension paths: 
TpTrace Verbose: 0 : 17952, 1, 2020/12/14, 22:52:53.840, 25741055422267, datacollector.dll, TestPluginCache.GetExtensionPaths: Added unfilterableExtensionPaths: 
TpTrace Information: 0 : 17952, 1, 2020/12/14, 22:52:53.841, 25741055433795, datacollector.dll, AssemblyResolver.ctor: Creating AssemblyResolver with searchDirectories C:\Program Files\dotnet\sdk\3.1.403\Extensions,C:\Program Files\dotnet\sdk\3.1.403
TpTrace Verbose: 0 : 17952, 1, 2020/12/14, 22:52:53.843, 25741055453817, datacollector.dll, TestPluginCache.DiscoverTestExtensions: Discovering the extensions using extension path.
TpTrace Verbose: 0 : 17952, 1, 2020/12/14, 22:52:53.843, 25741055457171, datacollector.dll, TestPluginCache.GetExtensionPaths: Filtered extension paths: C:\Program Files\dotnet\sdk\3.1.403\Extensions\Microsoft.TestPlatform.Extensions.BlameDataCollector.dll
C:\Program Files\dotnet\sdk\3.1.403\Extensions\Microsoft.TestPlatform.Extensions.EventLogCollector.dll
TpTrace Verbose: 0 : 17952, 1, 2020/12/14, 22:52:53.844, 25741055458131, datacollector.dll, TestPluginCache.GetExtensionPaths: Added default extension paths: 
TpTrace Verbose: 0 : 17952, 1, 2020/12/14, 22:52:53.844, 25741055458687, datacollector.dll, TestPluginCache.GetExtensionPaths: Added unfilterableExtensionPaths: 
TpTrace Verbose: 0 : 17952, 1, 2020/12/14, 22:52:53.844, 25741055461393, datacollector.dll, TestPluginCache.DiscoverTestExtensions: Discovering the extensions using allExtensionPaths: C:\Program Files\dotnet\sdk\3.1.403\Extensions\Microsoft.TestPlatform.Extensions.BlameDataCollector.dll
C:\Program Files\dotnet\sdk\3.1.403\Extensions\Microsoft.TestPlatform.Extensions.EventLogCollector.dll
TpTrace Information: 0 : 17952, 1, 2020/12/14, 22:52:53.844, 25741055463190, datacollector.dll, AssemblyResolver.AddSearchDirectories: Adding more searchDirectories C:\Program Files\dotnet\sdk\3.1.403\Extensions,C:\Program Files\dotnet\sdk\3.1.403
TpTrace Information: 0 : 17952, 1, 2020/12/14, 22:52:53.844, 25741055464159, datacollector.dll, AssemblyResolver.AddSearchDirectories: Adding more searchDirectories C:\Program Files\dotnet\sdk\3.1.403\Extensions,C:\Program Files\dotnet\sdk\3.1.403
TpTrace Information: 0 : 17952, 1, 2020/12/14, 22:52:53.845, 25741055468001, datacollector.dll, AssemblyResolver.OnResolve: Microsoft.TestPlatform.Extensions.BlameDataCollector: Resolving assembly.
TpTrace Information: 0 : 17952, 1, 2020/12/14, 22:52:53.846, 25741055481445, datacollector.dll, AssemblyResolver.OnResolve: Resolved assembly: Microsoft.TestPlatform.Extensions.BlameDataCollector, from path: C:\Program Files\dotnet\sdk\3.1.403\Extensions\Microsoft.TestPlatform.Extensions.BlameDataCollector.dll
TpTrace Error: 0 : 17952, 1, 2020/12/14, 22:52:53.847, 25741055489535, datacollector.dll, The type "Microsoft.TestPlatform.Extensions.BlameDataCollector.BlameCollector" defined in "Microsoft.TestPlatform.Extensions.BlameDataCollector.dll" does not have ExtensionUri attribute.
TpTrace Information: 0 : 17952, 1, 2020/12/14, 22:52:53.847, 25741055494790, datacollector.dll, AssemblyResolver.OnResolve: Microsoft.TestPlatform.Extensions.EventLogCollector: Resolving assembly.
TpTrace Information: 0 : 17952, 1, 2020/12/14, 22:52:53.848, 25741055503762, datacollector.dll, AssemblyResolver.OnResolve: Resolved assembly: Microsoft.TestPlatform.Extensions.EventLogCollector, from path: C:\Program Files\dotnet\sdk\3.1.403\Extensions\Microsoft.TestPlatform.Extensions.EventLogCollector.dll
TpTrace Error: 0 : 17952, 1, 2020/12/14, 22:52:53.849, 25741055515602, datacollector.dll, The type "Microsoft.TestPlatform.Extensions.EventLogCollector.EventLogDataCollector" defined in "Microsoft.TestPlatform.Extensions.EventLogCollector.dll" does not have ExtensionUri attribute.
TpTrace Verbose: 0 : 17952, 1, 2020/12/14, 22:52:53.850, 25741055518480, datacollector.dll, TestPluginCache: Discovered the extensions using extension path 'C:\Program Files\dotnet\sdk\3.1.403\Extensions\Microsoft.TestPlatform.Extensions.BlameDataCollector.dll,C:\Program Files\dotnet\sdk\3.1.403\Extensions\Microsoft.TestPlatform.Extensions.EventLogCollector.dll'.
TpTrace Verbose: 0 : 17952, 1, 2020/12/14, 22:52:53.850, 25741055519037, datacollector.dll, TestPluginCache: Discoverers are ''.
TpTrace Verbose: 0 : 17952, 1, 2020/12/14, 22:52:53.850, 25741055519336, datacollector.dll, TestPluginCache: Executors are ''.
TpTrace Verbose: 0 : 17952, 1, 2020/12/14, 22:52:53.850, 25741055519582, datacollector.dll, TestPluginCache: Executors2 are ''.
TpTrace Verbose: 0 : 17952, 1, 2020/12/14, 22:52:53.850, 25741055519819, datacollector.dll, TestPluginCache: Setting providers are ''.
TpTrace Verbose: 0 : 17952, 1, 2020/12/14, 22:52:53.850, 25741055520053, datacollector.dll, TestPluginCache: Loggers are ''.
TpTrace Information: 0 : 17952, 1, 2020/12/14, 22:52:53.851, 25741055531236, datacollector.dll, TestPluginManager.CreateTestExtension: Attempting to load test extension: Microsoft.TestPlatform.Extensions.BlameDataCollector.BlameCollector
TpTrace Error: 0 : 17952, 1, 2020/12/14, 22:52:53.851, 25741055532477, datacollector.dll, The type "Microsoft.TestPlatform.Extensions.BlameDataCollector.BlameCollector" defined in "Microsoft.TestPlatform.Extensions.BlameDataCollector.dll" does not have ExtensionUri attribute.
TpTrace Information: 0 : 17952, 1, 2020/12/14, 22:52:53.856, 25741055582234, datacollector.dll, Listening on Endpoint : 127.0.0.1:61493
TpTrace Information: 0 : 17952, 1, 2020/12/14, 22:52:53.863, 25741055653670, datacollector.dll, DataCollectionRequestHandler.ProcessRequests : DataCollection started.
TpTrace Information: 0 : 17952, 1, 2020/12/14, 22:52:53.924, 25741056262204, datacollector.dll, DataCollectionRequestHandler.ProcessRequests : Datacollector received message: (DataCollection.TestHostLaunched) -> {
  "ProcessId": 12096
}
TpTrace Information: 0 : 17952, 5, 2020/12/14, 22:52:54.127, 25741058294029, datacollector.dll, Using the buffer size of 16384 bytes
TpTrace Information: 0 : 17952, 5, 2020/12/14, 22:52:54.127, 25741058294852, datacollector.dll, Accepted Client request and set the flag
TpTrace Information: 0 : 17952, 7, 2020/12/14, 22:52:55.039, 25741067409606, datacollector.dll, DataCollectionTestCaseEventHandler: Test case starting.
TpTrace Information: 0 : 17952, 7, 2020/12/14, 22:52:55.053, 25741067552159, datacollector.dll, Blame Collector : Test Case Start
TpTrace Information: 0 : 17952, 7, 2020/12/14, 22:52:55.053, 25741067556645, datacollector.dll, DataCollectionTestCaseEventHandler: Test case 'LoginUser.UnitTest.UserOperationTest.CreateUser_Name_Empty - 198db459-220e-f403-9b82-dc5fcc1d2e8e' started.
TpTrace Information: 0 : 17952, 7, 2020/12/14, 22:52:55.055, 25741067569813, datacollector.dll, DataCollectionTestCaseEventHandler: Test case starting.
TpTrace Information: 0 : 17952, 7, 2020/12/14, 22:52:55.055, 25741067572549, datacollector.dll, Blame Collector : Test Case Start
TpTrace Information: 0 : 17952, 7, 2020/12/14, 22:52:55.055, 25741067573773, datacollector.dll, DataCollectionTestCaseEventHandler: Test case 'LoginUser.UnitTest.EncryptServiceTest.Encrypt_Success - ed8bfc8b-2b62-e8cc-140e-95ce89068b07' started.
TpTrace Information: 0 : 17952, 7, 2020/12/14, 22:52:55.056, 25741067579738, datacollector.dll, DataCollectionTestCaseEventHandler: Test case starting.
TpTrace Information: 0 : 17952, 7, 2020/12/14, 22:52:55.056, 25741067581967, datacollector.dll, Blame Collector : Test Case Start
TpTrace Information: 0 : 17952, 7, 2020/12/14, 22:52:55.056, 25741067583013, datacollector.dll, DataCollectionTestCaseEventHandler: Test case 'LoginUser.UnitTest.FileOperationTest.ReadTheBookFromFileChangeTheLikeCount_Success - b13fb451-d357-f5f7-5bd2-0c6aa81ba0d0' started.
TpTrace Information: 0 : 17952, 7, 2020/12/14, 22:52:55.058, 25741067598128, datacollector.dll, DataCollectionTestCaseEventHandler: Test case starting.
TpTrace Information: 0 : 17952, 7, 2020/12/14, 22:52:55.058, 25741067602174, datacollector.dll, Blame Collector : Test Case Start
TpTrace Information: 0 : 17952, 7, 2020/12/14, 22:52:55.058, 25741067604246, datacollector.dll, DataCollectionTestCaseEventHandler: Test case 'LoginUser.UnitTest.BookOperationTest.ReadBook_Success - 31a92de8-6484-7ccc-b898-cbb287ea79cb' started.
TpTrace Information: 0 : 17952, 7, 2020/12/14, 22:52:55.059, 25741067613706, datacollector.dll, DataCollectionTestCaseEventHandler: Test case starting.
TpTrace Information: 0 : 17952, 7, 2020/12/14, 22:52:55.059, 25741067616510, datacollector.dll, Blame Collector : Test Case Start
TpTrace Information: 0 : 17952, 7, 2020/12/14, 22:52:55.060, 25741067617929, datacollector.dll, DataCollectionTestCaseEventHandler: Test case 'LoginUser.UnitTest.LoginOperationTest.Login_UserNotFound - ac5a91e4-824a-58d4-b6c9-925727c84e8c' started.
TpTrace Information: 0 : 17952, 7, 2020/12/14, 22:52:55.068, 25741067702203, datacollector.dll, DataCollectionTestCaseEventHandler : Test case completing.
TpTrace Information: 0 : 17952, 7, 2020/12/14, 22:52:55.071, 25741067729672, datacollector.dll, Blame Collector : Test Case End
TpTrace Error: 0 : 17952, 7, 2020/12/14, 22:52:55.091, 25741067927812, datacollector.dll, DataCollectionAttachmentManager.GetAttachments: Fail to get attachments: System.Collections.Generic.KeyNotFoundException: The given key 'Microsoft.VisualStudio.TestPlatform.ObjectModel.DataCollection.DataCollectionContext' was not present in the dictionary.
   at System.Collections.Generic.Dictionary`2.get_Item(TKey key)
   at Microsoft.VisualStudio.TestPlatform.Common.DataCollector.DataCollectionAttachmentManager.GetAttachments(DataCollectionContext dataCollectionContext) 
TpTrace Information: 0 : 17952, 7, 2020/12/14, 22:52:55.094, 25741067964958, datacollector.dll, DataCollectionTestCaseEventHandler: Test case 'LoginUser.UnitTest.FileOperationTest.ReadTheBookFromFileChangeTheLikeCount_Success - b13fb451-d357-f5f7-5bd2-0c6aa81ba0d0' completed
TpTrace Information: 0 : 17952, 7, 2020/12/14, 22:52:55.101, 25741068036517, datacollector.dll, DataCollectionTestCaseEventHandler: Test case starting.
TpTrace Information: 0 : 17952, 7, 2020/12/14, 22:52:55.102, 25741068038352, datacollector.dll, Blame Collector : Test Case Start
TpTrace Information: 0 : 17952, 7, 2020/12/14, 22:52:55.102, 25741068039380, datacollector.dll, DataCollectionTestCaseEventHandler: Test case 'LoginUser.UnitTest.FileOperationTest.ReadFromFile_Success - 418f6215-fb3a-a1bc-eb23-c9c52729576c' started.
TpTrace Information: 0 : 17952, 7, 2020/12/14, 22:52:55.102, 25741068043773, datacollector.dll, DataCollectionTestCaseEventHandler : Test case completing.
TpTrace Information: 0 : 17952, 7, 2020/12/14, 22:52:55.102, 25741068046176, datacollector.dll, Blame Collector : Test Case End
TpTrace Error: 0 : 17952, 7, 2020/12/14, 22:52:55.103, 25741068047689, datacollector.dll, DataCollectionAttachmentManager.GetAttachments: Fail to get attachments: System.Collections.Generic.KeyNotFoundException: The given key 'Microsoft.VisualStudio.TestPlatform.ObjectModel.DataCollection.DataCollectionContext' was not present in the dictionary.
   at System.Collections.Generic.Dictionary`2.get_Item(TKey key)
   at Microsoft.VisualStudio.TestPlatform.Common.DataCollector.DataCollectionAttachmentManager.GetAttachments(DataCollectionContext dataCollectionContext) 
TpTrace Information: 0 : 17952, 7, 2020/12/14, 22:52:55.103, 25741068049443, datacollector.dll, DataCollectionTestCaseEventHandler: Test case 'LoginUser.UnitTest.FileOperationTest.ReadFromFile_Success - 418f6215-fb3a-a1bc-eb23-c9c52729576c' completed
TpTrace Information: 0 : 17952, 7, 2020/12/14, 22:52:55.103, 25741068053884, datacollector.dll, DataCollectionTestCaseEventHandler: Test case starting.
TpTrace Information: 0 : 17952, 7, 2020/12/14, 22:52:55.103, 25741068055424, datacollector.dll, Blame Collector : Test Case Start
TpTrace Information: 0 : 17952, 7, 2020/12/14, 22:52:55.103, 25741068056609, datacollector.dll, DataCollectionTestCaseEventHandler: Test case 'LoginUser.UnitTest.FileOperationTest.ReadTheBookFromFile_Success - 3281a92c-0dad-6bcf-53c9-33aa3e6f39ff' started.
TpTrace Information: 0 : 17952, 7, 2020/12/14, 22:52:55.104, 25741068060249, datacollector.dll, DataCollectionTestCaseEventHandler : Test case completing.
TpTrace Information: 0 : 17952, 7, 2020/12/14, 22:52:55.104, 25741068061631, datacollector.dll, Blame Collector : Test Case End
TpTrace Error: 0 : 17952, 7, 2020/12/14, 22:52:55.104, 25741068062627, datacollector.dll, DataCollectionAttachmentManager.GetAttachments: Fail to get attachments: System.Collections.Generic.KeyNotFoundException: The given key 'Microsoft.VisualStudio.TestPlatform.ObjectModel.DataCollection.DataCollectionContext' was not present in the dictionary.
   at System.Collections.Generic.Dictionary`2.get_Item(TKey key)
   at Microsoft.VisualStudio.TestPlatform.Common.DataCollector.DataCollectionAttachmentManager.GetAttachments(DataCollectionContext dataCollectionContext) 
TpTrace Information: 0 : 17952, 7, 2020/12/14, 22:52:55.104, 25741068063441, datacollector.dll, DataCollectionTestCaseEventHandler: Test case 'LoginUser.UnitTest.FileOperationTest.ReadTheBookFromFile_Success - 3281a92c-0dad-6bcf-53c9-33aa3e6f39ff' completed
TpTrace Information: 0 : 17952, 7, 2020/12/14, 22:52:55.105, 25741068067566, datacollector.dll, DataCollectionTestCaseEventHandler: Test case starting.
TpTrace Information: 0 : 17952, 7, 2020/12/14, 22:52:55.105, 25741068068928, datacollector.dll, Blame Collector : Test Case Start
TpTrace Information: 0 : 17952, 7, 2020/12/14, 22:52:55.105, 25741068069661, datacollector.dll, DataCollectionTestCaseEventHandler: Test case 'LoginUser.UnitTest.FileOperationTest.WriteToFile_Success - 428783af-fe19-dfec-6180-c65483adfbd4' started.
TpTrace Information: 0 : 17952, 7, 2020/12/14, 22:52:55.105, 25741068073234, datacollector.dll, DataCollectionTestCaseEventHandler : Test case completing.
TpTrace Information: 0 : 17952, 7, 2020/12/14, 22:52:55.105, 25741068075444, datacollector.dll, Blame Collector : Test Case End
TpTrace Error: 0 : 17952, 7, 2020/12/14, 22:52:55.105, 25741068077365, datacollector.dll, DataCollectionAttachmentManager.GetAttachments: Fail to get attachments: System.Collections.Generic.KeyNotFoundException: The given key 'Microsoft.VisualStudio.TestPlatform.ObjectModel.DataCollection.DataCollectionContext' was not present in the dictionary.
   at System.Collections.Generic.Dictionary`2.get_Item(TKey key)
   at Microsoft.VisualStudio.TestPlatform.Common.DataCollector.DataCollectionAttachmentManager.GetAttachments(DataCollectionContext dataCollectionContext) 
TpTrace Information: 0 : 17952, 7, 2020/12/14, 22:52:55.106, 25741068078748, datacollector.dll, DataCollectionTestCaseEventHandler: Test case 'LoginUser.UnitTest.FileOperationTest.WriteToFile_Success - 428783af-fe19-dfec-6180-c65483adfbd4' completed
TpTrace Information: 0 : 17952, 7, 2020/12/14, 22:52:55.107, 25741068091486, datacollector.dll, DataCollectionTestCaseEventHandler: Test case starting.
TpTrace Information: 0 : 17952, 7, 2020/12/14, 22:52:55.107, 25741068095200, datacollector.dll, Blame Collector : Test Case Start
TpTrace Information: 0 : 17952, 7, 2020/12/14, 22:52:55.107, 25741068096910, datacollector.dll, DataCollectionTestCaseEventHandler: Test case 'LoginUser.UnitTest.FileOperationTest.ReadTheBookFromFileChangeTheLikeCount_BookNotFound - 4c0f8470-5c22-23fe-dd0f-6e643425b778' started.
TpTrace Information: 0 : 17952, 7, 2020/12/14, 22:52:55.108, 25741068101033, datacollector.dll, DataCollectionTestCaseEventHandler : Test case completing.
TpTrace Information: 0 : 17952, 7, 2020/12/14, 22:52:55.108, 25741068102611, datacollector.dll, Blame Collector : Test Case End
TpTrace Error: 0 : 17952, 7, 2020/12/14, 22:52:55.108, 25741068103788, datacollector.dll, DataCollectionAttachmentManager.GetAttachments: Fail to get attachments: System.Collections.Generic.KeyNotFoundException: The given key 'Microsoft.VisualStudio.TestPlatform.ObjectModel.DataCollection.DataCollectionContext' was not present in the dictionary.
   at System.Collections.Generic.Dictionary`2.get_Item(TKey key)
   at Microsoft.VisualStudio.TestPlatform.Common.DataCollector.DataCollectionAttachmentManager.GetAttachments(DataCollectionContext dataCollectionContext) 
TpTrace Information: 0 : 17952, 7, 2020/12/14, 22:52:55.108, 25741068105325, datacollector.dll, DataCollectionTestCaseEventHandler: Test case 'LoginUser.UnitTest.FileOperationTest.ReadTheBookFromFileChangeTheLikeCount_BookNotFound - 4c0f8470-5c22-23fe-dd0f-6e643425b778' completed
TpTrace Information: 0 : 17952, 7, 2020/12/14, 22:52:55.140, 25741068418309, datacollector.dll, DataCollectionTestCaseEventHandler: Test case starting.
TpTrace Information: 0 : 17952, 7, 2020/12/14, 22:52:55.140, 25741068422728, datacollector.dll, Blame Collector : Test Case Start
TpTrace Information: 0 : 17952, 7, 2020/12/14, 22:52:55.140, 25741068424147, datacollector.dll, DataCollectionTestCaseEventHandler: Test case 'LoginUser.UnitTest.FileOperationTest.WriteTheBookToFile_Success - 9d7c5c4a-7ba6-f1fd-e9b7-ad1b826cf738' started.
TpTrace Information: 0 : 17952, 7, 2020/12/14, 22:52:55.141, 25741068429875, datacollector.dll, DataCollectionTestCaseEventHandler : Test case completing.
TpTrace Information: 0 : 17952, 7, 2020/12/14, 22:52:55.141, 25741068431869, datacollector.dll, Blame Collector : Test Case End
TpTrace Error: 0 : 17952, 7, 2020/12/14, 22:52:55.141, 25741068433178, datacollector.dll, DataCollectionAttachmentManager.GetAttachments: Fail to get attachments: System.Collections.Generic.KeyNotFoundException: The given key 'Microsoft.VisualStudio.TestPlatform.ObjectModel.DataCollection.DataCollectionContext' was not present in the dictionary.
   at System.Collections.Generic.Dictionary`2.get_Item(TKey key)
   at Microsoft.VisualStudio.TestPlatform.Common.DataCollector.DataCollectionAttachmentManager.GetAttachments(DataCollectionContext dataCollectionContext) 
TpTrace Information: 0 : 17952, 7, 2020/12/14, 22:52:55.141, 25741068434836, datacollector.dll, DataCollectionTestCaseEventHandler: Test case 'LoginUser.UnitTest.EncryptServiceTest.Encrypt_Success - ed8bfc8b-2b62-e8cc-140e-95ce89068b07' completed
TpTrace Information: 0 : 17952, 7, 2020/12/14, 22:52:55.144, 25741068462683, datacollector.dll, DataCollectionTestCaseEventHandler: Test case starting.
TpTrace Information: 0 : 17952, 7, 2020/12/14, 22:52:55.144, 25741068464666, datacollector.dll, Blame Collector : Test Case Start
TpTrace Information: 0 : 17952, 7, 2020/12/14, 22:52:55.144, 25741068465456, datacollector.dll, DataCollectionTestCaseEventHandler: Test case 'LoginUser.UnitTest.EncryptServiceTest.Encrypt_Fail - 144fba37-a59f-5465-82ee-c253a9134b57' started.
TpTrace Information: 0 : 17952, 7, 2020/12/14, 22:52:55.145, 25741068469910, datacollector.dll, DataCollectionTestCaseEventHandler : Test case completing.
TpTrace Information: 0 : 17952, 7, 2020/12/14, 22:52:55.145, 25741068471424, datacollector.dll, Blame Collector : Test Case End
TpTrace Error: 0 : 17952, 7, 2020/12/14, 22:52:55.145, 25741068472707, datacollector.dll, DataCollectionAttachmentManager.GetAttachments: Fail to get attachments: System.Collections.Generic.KeyNotFoundException: The given key 'Microsoft.VisualStudio.TestPlatform.ObjectModel.DataCollection.DataCollectionContext' was not present in the dictionary.
   at System.Collections.Generic.Dictionary`2.get_Item(TKey key)
   at Microsoft.VisualStudio.TestPlatform.Common.DataCollector.DataCollectionAttachmentManager.GetAttachments(DataCollectionContext dataCollectionContext) 
TpTrace Information: 0 : 17952, 7, 2020/12/14, 22:52:55.145, 25741068473633, datacollector.dll, DataCollectionTestCaseEventHandler: Test case 'LoginUser.UnitTest.FileOperationTest.WriteTheBookToFile_Success - 9d7c5c4a-7ba6-f1fd-e9b7-ad1b826cf738' completed
TpTrace Information: 0 : 17952, 7, 2020/12/14, 22:52:55.146, 25741068478709, datacollector.dll, DataCollectionTestCaseEventHandler: Test case starting.
TpTrace Information: 0 : 17952, 7, 2020/12/14, 22:52:55.146, 25741068480342, datacollector.dll, Blame Collector : Test Case Start
TpTrace Information: 0 : 17952, 7, 2020/12/14, 22:52:55.146, 25741068481050, datacollector.dll, DataCollectionTestCaseEventHandler: Test case 'LoginUser.UnitTest.FileOperationTest.ReadFromFile_UserNotFound - ee56af49-0482-41e9-f781-6bd51e4eec1c' started.
TpTrace Information: 0 : 17952, 7, 2020/12/14, 22:52:55.146, 25741068485810, datacollector.dll, DataCollectionTestCaseEventHandler : Test case completing.
TpTrace Information: 0 : 17952, 7, 2020/12/14, 22:52:55.146, 25741068487322, datacollector.dll, Blame Collector : Test Case End
TpTrace Error: 0 : 17952, 7, 2020/12/14, 22:52:55.147, 25741068488382, datacollector.dll, DataCollectionAttachmentManager.GetAttachments: Fail to get attachments: System.Collections.Generic.KeyNotFoundException: The given key 'Microsoft.VisualStudio.TestPlatform.ObjectModel.DataCollection.DataCollectionContext' was not present in the dictionary.
   at System.Collections.Generic.Dictionary`2.get_Item(TKey key)
   at Microsoft.VisualStudio.TestPlatform.Common.DataCollector.DataCollectionAttachmentManager.GetAttachments(DataCollectionContext dataCollectionContext) 
TpTrace Information: 0 : 17952, 7, 2020/12/14, 22:52:55.147, 25741068489446, datacollector.dll, DataCollectionTestCaseEventHandler: Test case 'LoginUser.UnitTest.FileOperationTest.ReadFromFile_UserNotFound - ee56af49-0482-41e9-f781-6bd51e4eec1c' completed
TpTrace Information: 0 : 17952, 7, 2020/12/14, 22:52:55.147, 25741068494145, datacollector.dll, DataCollectionTestCaseEventHandler : Test case completing.
TpTrace Information: 0 : 17952, 7, 2020/12/14, 22:52:55.147, 25741068495676, datacollector.dll, Blame Collector : Test Case End
TpTrace Error: 0 : 17952, 7, 2020/12/14, 22:52:55.147, 25741068496717, datacollector.dll, DataCollectionAttachmentManager.GetAttachments: Fail to get attachments: System.Collections.Generic.KeyNotFoundException: The given key 'Microsoft.VisualStudio.TestPlatform.ObjectModel.DataCollection.DataCollectionContext' was not present in the dictionary.
   at System.Collections.Generic.Dictionary`2.get_Item(TKey key)
   at Microsoft.VisualStudio.TestPlatform.Common.DataCollector.DataCollectionAttachmentManager.GetAttachments(DataCollectionContext dataCollectionContext) 
TpTrace Information: 0 : 17952, 7, 2020/12/14, 22:52:55.147, 25741068497547, datacollector.dll, DataCollectionTestCaseEventHandler: Test case 'LoginUser.UnitTest.EncryptServiceTest.Encrypt_Fail - 144fba37-a59f-5465-82ee-c253a9134b57' completed
TpTrace Information: 0 : 17952, 7, 2020/12/14, 22:52:55.148, 25741068502058, datacollector.dll, DataCollectionTestCaseEventHandler : Test case completing.
TpTrace Information: 0 : 17952, 7, 2020/12/14, 22:52:55.148, 25741068503653, datacollector.dll, Blame Collector : Test Case End
TpTrace Error: 0 : 17952, 7, 2020/12/14, 22:52:55.148, 25741068504587, datacollector.dll, DataCollectionAttachmentManager.GetAttachments: Fail to get attachments: System.Collections.Generic.KeyNotFoundException: The given key 'Microsoft.VisualStudio.TestPlatform.ObjectModel.DataCollection.DataCollectionContext' was not present in the dictionary.
   at System.Collections.Generic.Dictionary`2.get_Item(TKey key)
   at Microsoft.VisualStudio.TestPlatform.Common.DataCollector.DataCollectionAttachmentManager.GetAttachments(DataCollectionContext dataCollectionContext) 
TpTrace Information: 0 : 17952, 7, 2020/12/14, 22:52:55.148, 25741068505571, datacollector.dll, DataCollectionTestCaseEventHandler: Test case 'LoginUser.UnitTest.UserOperationTest.CreateUser_Name_Empty - 198db459-220e-f403-9b82-dc5fcc1d2e8e' completed
TpTrace Information: 0 : 17952, 7, 2020/12/14, 22:52:55.149, 25741068510401, datacollector.dll, DataCollectionTestCaseEventHandler: Test case starting.
TpTrace Information: 0 : 17952, 7, 2020/12/14, 22:52:55.149, 25741068512088, datacollector.dll, Blame Collector : Test Case Start
TpTrace Information: 0 : 17952, 7, 2020/12/14, 22:52:55.149, 25741068512949, datacollector.dll, DataCollectionTestCaseEventHandler: Test case 'LoginUser.UnitTest.UserOperationTest.CreateUser_Password_Empty - 5766fd16-8205-9673-d9f8-b3bfe05f6972' started.
TpTrace Information: 0 : 17952, 7, 2020/12/14, 22:52:55.150, 25741068517759, datacollector.dll, DataCollectionTestCaseEventHandler : Test case completing.
TpTrace Information: 0 : 17952, 7, 2020/12/14, 22:52:55.150, 25741068519694, datacollector.dll, Blame Collector : Test Case End
TpTrace Error: 0 : 17952, 7, 2020/12/14, 22:52:55.150, 25741068521146, datacollector.dll, DataCollectionAttachmentManager.GetAttachments: Fail to get attachments: System.Collections.Generic.KeyNotFoundException: The given key 'Microsoft.VisualStudio.TestPlatform.ObjectModel.DataCollection.DataCollectionContext' was not present in the dictionary.
   at System.Collections.Generic.Dictionary`2.get_Item(TKey key)
   at Microsoft.VisualStudio.TestPlatform.Common.DataCollector.DataCollectionAttachmentManager.GetAttachments(DataCollectionContext dataCollectionContext) 
TpTrace Information: 0 : 17952, 7, 2020/12/14, 22:52:55.150, 25741068522388, datacollector.dll, DataCollectionTestCaseEventHandler: Test case 'LoginUser.UnitTest.UserOperationTest.CreateUser_Password_Empty - 5766fd16-8205-9673-d9f8-b3bfe05f6972' completed
TpTrace Information: 0 : 17952, 7, 2020/12/14, 22:52:55.151, 25741068529726, datacollector.dll, DataCollectionTestCaseEventHandler: Test case starting.
TpTrace Information: 0 : 17952, 7, 2020/12/14, 22:52:55.151, 25741068532397, datacollector.dll, Blame Collector : Test Case Start
TpTrace Information: 0 : 17952, 7, 2020/12/14, 22:52:55.151, 25741068533852, datacollector.dll, DataCollectionTestCaseEventHandler: Test case 'LoginUser.UnitTest.UserOperationTest.CreateUser_UserName_Empty - 11213943-e97f-09cd-4e1f-d50dfccfcb4d' started.
TpTrace Information: 0 : 17952, 7, 2020/12/14, 22:52:55.152, 25741068539096, datacollector.dll, DataCollectionTestCaseEventHandler : Test case completing.
TpTrace Information: 0 : 17952, 7, 2020/12/14, 22:52:55.152, 25741068540802, datacollector.dll, Blame Collector : Test Case End
TpTrace Error: 0 : 17952, 7, 2020/12/14, 22:52:55.152, 25741068542066, datacollector.dll, DataCollectionAttachmentManager.GetAttachments: Fail to get attachments: System.Collections.Generic.KeyNotFoundException: The given key 'Microsoft.VisualStudio.TestPlatform.ObjectModel.DataCollection.DataCollectionContext' was not present in the dictionary.
   at System.Collections.Generic.Dictionary`2.get_Item(TKey key)
   at Microsoft.VisualStudio.TestPlatform.Common.DataCollector.DataCollectionAttachmentManager.GetAttachments(DataCollectionContext dataCollectionContext) 
TpTrace Information: 0 : 17952, 7, 2020/12/14, 22:52:55.152, 25741068543232, datacollector.dll, DataCollectionTestCaseEventHandler: Test case 'LoginUser.UnitTest.UserOperationTest.CreateUser_UserName_Empty - 11213943-e97f-09cd-4e1f-d50dfccfcb4d' completed
TpTrace Information: 0 : 17952, 7, 2020/12/14, 22:52:55.153, 25741068551769, datacollector.dll, DataCollectionTestCaseEventHandler: Test case starting.
TpTrace Information: 0 : 17952, 7, 2020/12/14, 22:52:55.153, 25741068554898, datacollector.dll, Blame Collector : Test Case Start
TpTrace Information: 0 : 17952, 7, 2020/12/14, 22:52:55.153, 25741068556445, datacollector.dll, DataCollectionTestCaseEventHandler: Test case 'LoginUser.UnitTest.UserOperationTest.CreateUser_Success - 021ffb17-6d53-604f-2ea6-1cbea4860285' started.
TpTrace Information: 0 : 17952, 7, 2020/12/14, 22:52:55.154, 25741068563172, datacollector.dll, DataCollectionTestCaseEventHandler : Test case completing.
TpTrace Information: 0 : 17952, 7, 2020/12/14, 22:52:55.154, 25741068565063, datacollector.dll, Blame Collector : Test Case End
TpTrace Error: 0 : 17952, 7, 2020/12/14, 22:52:55.154, 25741068566742, datacollector.dll, DataCollectionAttachmentManager.GetAttachments: Fail to get attachments: System.Collections.Generic.KeyNotFoundException: The given key 'Microsoft.VisualStudio.TestPlatform.ObjectModel.DataCollection.DataCollectionContext' was not present in the dictionary.
   at System.Collections.Generic.Dictionary`2.get_Item(TKey key)
   at Microsoft.VisualStudio.TestPlatform.Common.DataCollector.DataCollectionAttachmentManager.GetAttachments(DataCollectionContext dataCollectionContext) 
TpTrace Information: 0 : 17952, 7, 2020/12/14, 22:52:55.155, 25741068568206, datacollector.dll, DataCollectionTestCaseEventHandler: Test case 'LoginUser.UnitTest.BookOperationTest.ReadBook_Success - 31a92de8-6484-7ccc-b898-cbb287ea79cb' completed
TpTrace Information: 0 : 17952, 7, 2020/12/14, 22:52:55.164, 25741068657950, datacollector.dll, DataCollectionTestCaseEventHandler: Test case starting.
TpTrace Information: 0 : 17952, 7, 2020/12/14, 22:52:55.164, 25741068659959, datacollector.dll, Blame Collector : Test Case Start
TpTrace Information: 0 : 17952, 7, 2020/12/14, 22:52:55.164, 25741068661063, datacollector.dll, DataCollectionTestCaseEventHandler: Test case 'LoginUser.UnitTest.BookOperationTest.CreateBook_Success - 4f9adafb-7f71-e6e7-3331-c31b11dfa050' started.
TpTrace Information: 0 : 17952, 7, 2020/12/14, 22:52:55.164, 25741068667460, datacollector.dll, DataCollectionTestCaseEventHandler : Test case completing.
TpTrace Information: 0 : 17952, 7, 2020/12/14, 22:52:55.165, 25741068669156, datacollector.dll, Blame Collector : Test Case End
TpTrace Error: 0 : 17952, 7, 2020/12/14, 22:52:55.165, 25741068670542, datacollector.dll, DataCollectionAttachmentManager.GetAttachments: Fail to get attachments: System.Collections.Generic.KeyNotFoundException: The given key 'Microsoft.VisualStudio.TestPlatform.ObjectModel.DataCollection.DataCollectionContext' was not present in the dictionary.
   at System.Collections.Generic.Dictionary`2.get_Item(TKey key)
   at Microsoft.VisualStudio.TestPlatform.Common.DataCollector.DataCollectionAttachmentManager.GetAttachments(DataCollectionContext dataCollectionContext) 
TpTrace Information: 0 : 17952, 7, 2020/12/14, 22:52:55.165, 25741068671634, datacollector.dll, DataCollectionTestCaseEventHandler: Test case 'LoginUser.UnitTest.LoginOperationTest.Login_UserNotFound - ac5a91e4-824a-58d4-b6c9-925727c84e8c' completed
TpTrace Information: 0 : 17952, 7, 2020/12/14, 22:52:55.168, 25741068706335, datacollector.dll, DataCollectionTestCaseEventHandler: Test case starting.
TpTrace Information: 0 : 17952, 7, 2020/12/14, 22:52:55.169, 25741068710184, datacollector.dll, Blame Collector : Test Case Start
TpTrace Information: 0 : 17952, 7, 2020/12/14, 22:52:55.169, 25741068712021, datacollector.dll, DataCollectionTestCaseEventHandler: Test case 'LoginUser.UnitTest.LoginOperationTest.Login_Succes - 6cb962c3-5293-82ad-75e5-ba00090ddd30' started.
TpTrace Information: 0 : 17952, 7, 2020/12/14, 22:52:55.169, 25741068717394, datacollector.dll, DataCollectionTestCaseEventHandler : Test case completing.
TpTrace Information: 0 : 17952, 7, 2020/12/14, 22:52:55.170, 25741068719016, datacollector.dll, Blame Collector : Test Case End
TpTrace Error: 0 : 17952, 7, 2020/12/14, 22:52:55.170, 25741068720494, datacollector.dll, DataCollectionAttachmentManager.GetAttachments: Fail to get attachments: System.Collections.Generic.KeyNotFoundException: The given key 'Microsoft.VisualStudio.TestPlatform.ObjectModel.DataCollection.DataCollectionContext' was not present in the dictionary.
   at System.Collections.Generic.Dictionary`2.get_Item(TKey key)
   at Microsoft.VisualStudio.TestPlatform.Common.DataCollector.DataCollectionAttachmentManager.GetAttachments(DataCollectionContext dataCollectionContext) 
TpTrace Information: 0 : 17952, 7, 2020/12/14, 22:52:55.170, 25741068721663, datacollector.dll, DataCollectionTestCaseEventHandler: Test case 'LoginUser.UnitTest.BookOperationTest.CreateBook_Success - 4f9adafb-7f71-e6e7-3331-c31b11dfa050' completed
TpTrace Information: 0 : 17952, 7, 2020/12/14, 22:52:55.171, 25741068727790, datacollector.dll, DataCollectionTestCaseEventHandler: Test case starting.
TpTrace Information: 0 : 17952, 7, 2020/12/14, 22:52:55.171, 25741068729879, datacollector.dll, Blame Collector : Test Case Start
TpTrace Information: 0 : 17952, 7, 2020/12/14, 22:52:55.171, 25741068731334, datacollector.dll, DataCollectionTestCaseEventHandler: Test case 'LoginUser.UnitTest.BookOperationTest.CreateBook_BookName_Empty - 6fdd5189-bea8-95d4-7380-52bb4636a5f7' started.
TpTrace Information: 0 : 17952, 7, 2020/12/14, 22:52:55.171, 25741068735835, datacollector.dll, DataCollectionTestCaseEventHandler : Test case completing.
TpTrace Information: 0 : 17952, 7, 2020/12/14, 22:52:55.171, 25741068737253, datacollector.dll, Blame Collector : Test Case End
TpTrace Error: 0 : 17952, 7, 2020/12/14, 22:52:55.172, 25741068738345, datacollector.dll, DataCollectionAttachmentManager.GetAttachments: Fail to get attachments: System.Collections.Generic.KeyNotFoundException: The given key 'Microsoft.VisualStudio.TestPlatform.ObjectModel.DataCollection.DataCollectionContext' was not present in the dictionary.
   at System.Collections.Generic.Dictionary`2.get_Item(TKey key)
   at Microsoft.VisualStudio.TestPlatform.Common.DataCollector.DataCollectionAttachmentManager.GetAttachments(DataCollectionContext dataCollectionContext) 
TpTrace Information: 0 : 17952, 7, 2020/12/14, 22:52:55.172, 25741068739202, datacollector.dll, DataCollectionTestCaseEventHandler: Test case 'LoginUser.UnitTest.BookOperationTest.CreateBook_BookName_Empty - 6fdd5189-bea8-95d4-7380-52bb4636a5f7' completed
TpTrace Information: 0 : 17952, 7, 2020/12/14, 22:52:55.172, 25741068743485, datacollector.dll, DataCollectionTestCaseEventHandler: Test case starting.
TpTrace Information: 0 : 17952, 7, 2020/12/14, 22:52:55.172, 25741068744976, datacollector.dll, Blame Collector : Test Case Start
TpTrace Information: 0 : 17952, 7, 2020/12/14, 22:52:55.172, 25741068745670, datacollector.dll, DataCollectionTestCaseEventHandler: Test case 'LoginUser.UnitTest.BookOperationTest.CreateBook_UserName_Empty - d14a491f-2d91-fbb1-d2ac-ccc588d0c50b' started.
TpTrace Information: 0 : 17952, 7, 2020/12/14, 22:52:55.173, 25741068750323, datacollector.dll, DataCollectionTestCaseEventHandler : Test case completing.
TpTrace Information: 0 : 17952, 7, 2020/12/14, 22:52:55.173, 25741068752826, datacollector.dll, Blame Collector : Test Case End
TpTrace Error: 0 : 17952, 7, 2020/12/14, 22:52:55.173, 25741068754486, datacollector.dll, DataCollectionAttachmentManager.GetAttachments: Fail to get attachments: System.Collections.Generic.KeyNotFoundException: The given key 'Microsoft.VisualStudio.TestPlatform.ObjectModel.DataCollection.DataCollectionContext' was not present in the dictionary.
   at System.Collections.Generic.Dictionary`2.get_Item(TKey key)
   at Microsoft.VisualStudio.TestPlatform.Common.DataCollector.DataCollectionAttachmentManager.GetAttachments(DataCollectionContext dataCollectionContext) 
TpTrace Information: 0 : 17952, 7, 2020/12/14, 22:52:55.173, 25741068755921, datacollector.dll, DataCollectionTestCaseEventHandler: Test case 'LoginUser.UnitTest.LoginOperationTest.Login_Succes - 6cb962c3-5293-82ad-75e5-ba00090ddd30' completed
TpTrace Information: 0 : 17952, 7, 2020/12/14, 22:52:55.174, 25741068761796, datacollector.dll, DataCollectionTestCaseEventHandler: Test case starting.
TpTrace Information: 0 : 17952, 7, 2020/12/14, 22:52:55.174, 25741068763460, datacollector.dll, Blame Collector : Test Case Start
TpTrace Information: 0 : 17952, 7, 2020/12/14, 22:52:55.174, 25741068764279, datacollector.dll, DataCollectionTestCaseEventHandler: Test case 'LoginUser.UnitTest.LoginOperationTest.Login_WrongPassword - 455fbdef-7748-7e5a-da71-4d88437c8fee' started.
TpTrace Information: 0 : 17952, 7, 2020/12/14, 22:52:55.175, 25741068769064, datacollector.dll, DataCollectionTestCaseEventHandler : Test case completing.
TpTrace Information: 0 : 17952, 7, 2020/12/14, 22:52:55.175, 25741068770836, datacollector.dll, Blame Collector : Test Case End
TpTrace Error: 0 : 17952, 7, 2020/12/14, 22:52:55.175, 25741068772494, datacollector.dll, DataCollectionAttachmentManager.GetAttachments: Fail to get attachments: System.Collections.Generic.KeyNotFoundException: The given key 'Microsoft.VisualStudio.TestPlatform.ObjectModel.DataCollection.DataCollectionContext' was not present in the dictionary.
   at System.Collections.Generic.Dictionary`2.get_Item(TKey key)
   at Microsoft.VisualStudio.TestPlatform.Common.DataCollector.DataCollectionAttachmentManager.GetAttachments(DataCollectionContext dataCollectionContext) 
TpTrace Information: 0 : 17952, 7, 2020/12/14, 22:52:55.175, 25741068773747, datacollector.dll, DataCollectionTestCaseEventHandler: Test case 'LoginUser.UnitTest.BookOperationTest.CreateBook_UserName_Empty - d14a491f-2d91-fbb1-d2ac-ccc588d0c50b' completed
TpTrace Information: 0 : 17952, 7, 2020/12/14, 22:52:55.176, 25741068779215, datacollector.dll, DataCollectionTestCaseEventHandler: Test case starting.
TpTrace Information: 0 : 17952, 7, 2020/12/14, 22:52:55.176, 25741068781478, datacollector.dll, Blame Collector : Test Case Start
TpTrace Information: 0 : 17952, 7, 2020/12/14, 22:52:55.176, 25741068782316, datacollector.dll, DataCollectionTestCaseEventHandler: Test case 'LoginUser.UnitTest.BookOperationTest.incrementLikeCount_Success - d46b2b36-164d-7583-79bc-f784b592e8d0' started.
TpTrace Information: 0 : 17952, 7, 2020/12/14, 22:52:55.176, 25741068786264, datacollector.dll, DataCollectionTestCaseEventHandler : Test case completing.
TpTrace Information: 0 : 17952, 7, 2020/12/14, 22:52:55.177, 25741068787827, datacollector.dll, Blame Collector : Test Case End
TpTrace Error: 0 : 17952, 7, 2020/12/14, 22:52:55.177, 25741068789009, datacollector.dll, DataCollectionAttachmentManager.GetAttachments: Fail to get attachments: System.Collections.Generic.KeyNotFoundException: The given key 'Microsoft.VisualStudio.TestPlatform.ObjectModel.DataCollection.DataCollectionContext' was not present in the dictionary.
   at System.Collections.Generic.Dictionary`2.get_Item(TKey key)
   at Microsoft.VisualStudio.TestPlatform.Common.DataCollector.DataCollectionAttachmentManager.GetAttachments(DataCollectionContext dataCollectionContext) 
TpTrace Information: 0 : 17952, 7, 2020/12/14, 22:52:55.177, 25741068789928, datacollector.dll, DataCollectionTestCaseEventHandler: Test case 'LoginUser.UnitTest.UserOperationTest.CreateUser_Success - 021ffb17-6d53-604f-2ea6-1cbea4860285' completed
TpTrace Information: 0 : 17952, 7, 2020/12/14, 22:52:55.177, 25741068794537, datacollector.dll, DataCollectionTestCaseEventHandler: Test case starting.
TpTrace Information: 0 : 17952, 7, 2020/12/14, 22:52:55.177, 25741068796265, datacollector.dll, Blame Collector : Test Case Start
TpTrace Information: 0 : 17952, 7, 2020/12/14, 22:52:55.177, 25741068797029, datacollector.dll, DataCollectionTestCaseEventHandler: Test case 'LoginUser.UnitTest.UserOperationTest.CreateUser_Email_Empty - 7a02cced-ea02-b90a-a219-17120db07ef4' started.
TpTrace Information: 0 : 17952, 7, 2020/12/14, 22:52:55.178, 25741068800744, datacollector.dll, DataCollectionTestCaseEventHandler : Test case completing.
TpTrace Information: 0 : 17952, 7, 2020/12/14, 22:52:55.178, 25741068802339, datacollector.dll, Blame Collector : Test Case End
TpTrace Error: 0 : 17952, 7, 2020/12/14, 22:52:55.178, 25741068803407, datacollector.dll, DataCollectionAttachmentManager.GetAttachments: Fail to get attachments: System.Collections.Generic.KeyNotFoundException: The given key 'Microsoft.VisualStudio.TestPlatform.ObjectModel.DataCollection.DataCollectionContext' was not present in the dictionary.
   at System.Collections.Generic.Dictionary`2.get_Item(TKey key)
   at Microsoft.VisualStudio.TestPlatform.Common.DataCollector.DataCollectionAttachmentManager.GetAttachments(DataCollectionContext dataCollectionContext) 
TpTrace Information: 0 : 17952, 7, 2020/12/14, 22:52:55.178, 25741068804349, datacollector.dll, DataCollectionTestCaseEventHandler: Test case 'LoginUser.UnitTest.UserOperationTest.CreateUser_Email_Empty - 7a02cced-ea02-b90a-a219-17120db07ef4' completed
TpTrace Information: 0 : 17952, 7, 2020/12/14, 22:52:55.179, 25741068808165, datacollector.dll, DataCollectionTestCaseEventHandler : Test case completing.
TpTrace Information: 0 : 17952, 7, 2020/12/14, 22:52:55.179, 25741068809564, datacollector.dll, Blame Collector : Test Case End
TpTrace Error: 0 : 17952, 7, 2020/12/14, 22:52:55.179, 25741068810431, datacollector.dll, DataCollectionAttachmentManager.GetAttachments: Fail to get attachments: System.Collections.Generic.KeyNotFoundException: The given key 'Microsoft.VisualStudio.TestPlatform.ObjectModel.DataCollection.DataCollectionContext' was not present in the dictionary.
   at System.Collections.Generic.Dictionary`2.get_Item(TKey key)
   at Microsoft.VisualStudio.TestPlatform.Common.DataCollector.DataCollectionAttachmentManager.GetAttachments(DataCollectionContext dataCollectionContext) 
TpTrace Information: 0 : 17952, 7, 2020/12/14, 22:52:55.179, 25741068811231, datacollector.dll, DataCollectionTestCaseEventHandler: Test case 'LoginUser.UnitTest.BookOperationTest.incrementLikeCount_Success - d46b2b36-164d-7583-79bc-f784b592e8d0' completed
TpTrace Information: 0 : 17952, 7, 2020/12/14, 22:52:55.179, 25741068815717, datacollector.dll, DataCollectionTestCaseEventHandler : Test case completing.
TpTrace Information: 0 : 17952, 7, 2020/12/14, 22:52:55.179, 25741068817118, datacollector.dll, Blame Collector : Test Case End
TpTrace Error: 0 : 17952, 7, 2020/12/14, 22:52:55.180, 25741068817992, datacollector.dll, DataCollectionAttachmentManager.GetAttachments: Fail to get attachments: System.Collections.Generic.KeyNotFoundException: The given key 'Microsoft.VisualStudio.TestPlatform.ObjectModel.DataCollection.DataCollectionContext' was not present in the dictionary.
   at System.Collections.Generic.Dictionary`2.get_Item(TKey key)
   at Microsoft.VisualStudio.TestPlatform.Common.DataCollector.DataCollectionAttachmentManager.GetAttachments(DataCollectionContext dataCollectionContext) 
TpTrace Information: 0 : 17952, 7, 2020/12/14, 22:52:55.180, 25741068818785, datacollector.dll, DataCollectionTestCaseEventHandler: Test case 'LoginUser.UnitTest.LoginOperationTest.Login_WrongPassword - 455fbdef-7748-7e5a-da71-4d88437c8fee' completed
TpTrace Information: 0 : 17952, 7, 2020/12/14, 22:52:55.187, 25741068896180, datacollector.dll, DataCollectionTestCaseEventHandler: Test session ended
TpTrace Information: 0 : 17952, 1, 2020/12/14, 22:52:55.264, 25741069660720, datacollector.dll, DataCollectionRequestHandler.ProcessRequests : Datacollector received message: (DataCollection.AfterTestRunEnd) -> false
TpTrace Information: 0 : 17952, 1, 2020/12/14, 22:52:55.264, 25741069665909, datacollector.dll, Blame Collector : Session End
TpTrace Error: 0 : 17952, 1, 2020/12/14, 22:52:55.264, 25741069667538, datacollector.dll, DataCollectionAttachmentManager.GetAttachments: Fail to get attachments: System.Collections.Generic.KeyNotFoundException: The given key 'Microsoft.VisualStudio.TestPlatform.ObjectModel.DataCollection.DataCollectionContext' was not present in the dictionary.
   at System.Collections.Generic.Dictionary`2.get_Item(TKey key)
   at Microsoft.VisualStudio.TestPlatform.Common.DataCollector.DataCollectionAttachmentManager.GetAttachments(DataCollectionContext dataCollectionContext) 
TpTrace Information: 0 : 17952, 1, 2020/12/14, 22:52:55.265, 25741069668123, datacollector.dll, DataCollectionManager.CleanupPlugins: CleanupPlugins called
TpTrace Verbose: 0 : 17952, 1, 2020/12/14, 22:52:55.265, 25741069668490, datacollector.dll, DataCollectionManager.CleanupPlugins: Cleaning up 1 plugins
TpTrace Verbose: 0 : 17952, 1, 2020/12/14, 22:52:55.265, 25741069669312, datacollector.dll, dataCollectorInfo.DisposeDataCollector: calling Dispose() on Microsoft.TestPlatform.Extensions.BlameDataCollector.BlameCollector
TpTrace Information: 0 : 17952, 1, 2020/12/14, 22:52:55.265, 25741069669895, datacollector.dll, DataCollectionManager.CleanupPlugins: CleanupPlugins finished
TpTrace Information: 0 : 17952, 1, 2020/12/14, 22:52:55.265, 25741069670713, datacollector.dll, DataCollectionRequestHandler.ProcessRequests : Session End message received from server. Closing the connection.
TpTrace Information: 0 : 17952, 1, 2020/12/14, 22:52:55.265, 25741069671674, datacollector.dll, Closing the connection !
TpTrace Information: 0 : 17952, 1, 2020/12/14, 22:52:55.265, 25741069672004, datacollector.dll, DataCollectionRequestHandler.ProcessRequests : DataCollection completed
TpTrace Information: 0 : 17952, 1, 2020/12/14, 22:52:55.265, 25741069672284, datacollector.dll, Program.Main: exiting datacollector process.
